Results generated by BModes (v1.03.01, 25-Sept-2007, compiled using double precision) on 01-Dec-2018 at 20:35:30.
Created 01-Dec-2018 20:35:30.                                                                      
=================================================================================

            rotating blade frequencies & mode shapes
            --- only first  20 modes printed


 -------- Mode No.   1  (freq = 0.74409E+00 Hz)

span_loc	flap disp	flap slope	lag disp	lag slope	twist

 0.0000	 0.000000	 0.000000	 0.000000	 0.000000	 0.000000
 0.0250	 	 	 	 	-0.000054
 0.0500	 0.000060	 0.002409	 0.000008	 0.000318	-0.000107
 0.0750	 	 	 	 	-0.000175
 0.1000	 0.000250	 0.005340	 0.000035	 0.000767	-0.000243
 0.1250	 	 	 	 	-0.000421
 0.1500	 0.000665	 0.011591	 0.000097	 0.001785	-0.000598
 0.1750	 	 	 	 	-0.000858
 0.2000	 0.001409	 0.018777	 0.000214	 0.002959	-0.001118
 0.2250	 	 	 	 	-0.001992
 0.2500	 0.002578	 0.028936	 0.000401	 0.004686	-0.002861
 0.2750	 	 	 	 	-0.005163
 0.3000	 0.004292	 0.041060	 0.000679	 0.006619	-0.007440
 0.3250	 	 	 	 	-0.009944
 0.3500	 0.006612	 0.053733	 0.001050	 0.008544	-0.012406
 0.3750	 	 	 	 	-0.015048
 0.4000	 0.009579	 0.067504	 0.001518	 0.010530	-0.017627
 0.4250	 	 	 	 	-0.020281
 0.4500	 0.013270	 0.083293	 0.002086	 0.012656	-0.022851
 0.4750	 	 	 	 	-0.025784
 0.5000	 0.017823	 0.102673	 0.002764	 0.015038	-0.028599
 0.5250	 	 	 	 	-0.031845
 0.5500	 0.023431	 0.126280	 0.003565	 0.017626	-0.034926
 0.5750	 	 	 	 	-0.038741
 0.6000	 0.030325	 0.155008	 0.004497	 0.020382	-0.042315
 0.6250	 	 	 	 	-0.046883
 0.6500	 0.038770	 0.189401	 0.005565	 0.023196	-0.051108
 0.6750	 	 	 	 	-0.056308
 0.7000	 0.049093	 0.231159	 0.006772	 0.026002	-0.061034
 0.7250	 	 	 	 	-0.066959
 0.7500	 0.061369	 0.269183	 0.008099	 0.028145	-0.072197
 0.7750	 	 	 	 	-0.078353
 0.8000	 0.075342	 0.300612	 0.009513	 0.029627	-0.083575
 0.8250	 	 	 	 	-0.089864
 0.8500	 0.090674	 0.324765	 0.010985	 0.030556	-0.094931
 0.8750	 	 	 	 	-0.100057
 0.9000	 0.106953	 0.339685	 0.012489	 0.030975	-0.103669
 0.9250	 	 	 	 	-0.107492
 0.9500	 0.123750	 0.346645	 0.014005	 0.031112	-0.109371
 0.9750	 	 	 	 	-0.116218
 1.0000	 0.141035	 0.356628	 0.015529	 0.031237	-0.118565


 -------- Mode No.   2  (freq = 0.11875E+01 Hz)

span_loc	flap disp	flap slope	lag disp	lag slope	twist

 0.0000	 0.000000	 0.000000	 0.000000	 0.000000	 0.000000
 0.0250	 	 	 	 	 0.000001
 0.0500	-0.000027	-0.001107	 0.000247	 0.009970	 0.000002
 0.0750	 	 	 	 	 0.000003
 0.1000	-0.000100	-0.001876	 0.000971	 0.019581	 0.000004
 0.1250	 	 	 	 	 0.000007
 0.1500	-0.000219	-0.002970	 0.002373	 0.037553	 0.000011
 0.1750	 	 	 	 	 0.000017
 0.2000	-0.000393	-0.004160	 0.004701	 0.057478	 0.000024
 0.2250	 	 	 	 	 0.000053
 0.2500	-0.000604	-0.004588	 0.008006	 0.077528	 0.000088
 0.2750	 	 	 	 	 0.000198
 0.3000	-0.000851	-0.005608	 0.012366	 0.100603	 0.000329
 0.3250	 	 	 	 	 0.000500
 0.3500	-0.001156	-0.006920	 0.017829	 0.122681	 0.000698
 0.3750	 	 	 	 	 0.000945
 0.4000	-0.001530	-0.008501	 0.024339	 0.143474	 0.001226
 0.4250	 	 	 	 	 0.001561
 0.4500	-0.001993	-0.010553	 0.031836	 0.163095	 0.001934
 0.4750	 	 	 	 	 0.002425
 0.5000	-0.002580	-0.013564	 0.040280	 0.182218	 0.002964
 0.5250	 	 	 	 	 0.003663
 0.5500	-0.003349	-0.018032	 0.049622	 0.199845	 0.004399
 0.5750	 	 	 	 	 0.005401
 0.6000	-0.004395	-0.024840	 0.059823	 0.217341	 0.006425
 0.6250	 	 	 	 	 0.007834
 0.6500	-0.005854	-0.034802	 0.070877	 0.234725	 0.009229
 0.6750	 	 	 	 	 0.011065
 0.7000	-0.007909	-0.048957	 0.082737	 0.250267	 0.012834
 0.7250	 	 	 	 	 0.015180
 0.7500	-0.010679	-0.063786	 0.095322	 0.264399	 0.017368
 0.7750	 	 	 	 	 0.020069
 0.8000	-0.014149	-0.077423	 0.108535	 0.275928	 0.022472
 0.8250	 	 	 	 	 0.025491
 0.8500	-0.018238	-0.088930	 0.122254	 0.285108	 0.028019
 0.8750	 	 	 	 	 0.030671
 0.9000	-0.022797	-0.096634	 0.136313	 0.290101	 0.032603
 0.9250	 	 	 	 	 0.034711
 0.9500	-0.027634	-0.100497	 0.150546	 0.292448	 0.035774
 0.9750	 	 	 	 	 0.039771
 1.0000	-0.032751	-0.106306	 0.164927	 0.295380	 0.041156


 -------- Mode No.   3  (freq = 0.20934E+01 Hz)

span_loc	flap disp	flap slope	lag disp	lag slope	twist

 0.0000	 0.000000	 0.000000	 0.000000	 0.000000	 0.000000
 0.0250	 	 	 	 	 0.000200
 0.0500	-0.000093	-0.003739	 0.000000	-0.000015	 0.000400
 0.0750	 	 	 	 	 0.000652
 0.1000	-0.000382	-0.007970	-0.000006	-0.000215	 0.000904
 0.1250	 	 	 	 	 0.001562
 0.1500	-0.000979	-0.016244	-0.000030	-0.000755	 0.002216
 0.1750	 	 	 	 	 0.003173
 0.2000	-0.001988	-0.024774	-0.000081	-0.001289	 0.004118
 0.2250	 	 	 	 	 0.007272
 0.2500	-0.003462	-0.035161	-0.000169	-0.002240	 0.010358
 0.2750	 	 	 	 	 0.018390
 0.3000	-0.005440	-0.045311	-0.000298	-0.002973	 0.026156
 0.3250	 	 	 	 	 0.034456
 0.3500	-0.007860	-0.053170	-0.000456	-0.003382	 0.042335
 0.3750	 	 	 	 	 0.050434
 0.4000	-0.010597	-0.058262	-0.000624	-0.003448	 0.057939
 0.4250	 	 	 	 	 0.065201
 0.4500	-0.013494	-0.059607	-0.000786	-0.003075	 0.071735
 0.4750	 	 	 	 	 0.078571
 0.5000	-0.016316	-0.055079	-0.000913	-0.002065	 0.084474
 0.5250	 	 	 	 	 0.090459
 0.5500	-0.018690	-0.041269	-0.000970	-0.000226	 0.095290
 0.5750	 	 	 	 	 0.100137
 0.6000	-0.020046	-0.013562	-0.000910	 0.002650	 0.103543
 0.6250	 	 	 	 	 0.106384
 0.6500	-0.019565	 0.033381	-0.000682	 0.006590	 0.107583
 0.6750	 	 	 	 	 0.107243
 0.7000	-0.016088	 0.107741	-0.000232	 0.011557	 0.105272
 0.7250	 	 	 	 	 0.100665
 0.7500	-0.008704	 0.191634	 0.000452	 0.016152	 0.094707
 0.7750	 	 	 	 	 0.085476
 0.8000	 0.002794	 0.274327	 0.001339	 0.019847	 0.075786
 0.8250	 	 	 	 	 0.061942
 0.8500	 0.018149	 0.347771	 0.002380	 0.022436	 0.049181
 0.8750	 	 	 	 	 0.034666
 0.9000	 0.036571	 0.399194	 0.003513	 0.023711	 0.023353
 0.9250	 	 	 	 	 0.010231
 0.9500	 0.056885	 0.426118	 0.004684	 0.024140	 0.003238
 0.9750	 	 	 	 	-0.025004
 1.0000	 0.079228	 0.468525	 0.005877	 0.024526	-0.035100


 -------- Mode No.   4  (freq = 0.42753E+01 Hz)

span_loc	flap disp	flap slope	lag disp	lag slope	twist

 0.0000	 0.000000	 0.000000	 0.000000	 0.000000	 0.000000
 0.0250	 	 	 	 	-0.000298
 0.0500	 0.000037	 0.001448	 0.000295	 0.011728	-0.000595
 0.0750	 	 	 	 	-0.000970
 0.1000	 0.000160	 0.003509	 0.001123	 0.021791	-0.001343
 0.1250	 	 	 	 	-0.002311
 0.1500	 0.000434	 0.007472	 0.002595	 0.037678	-0.003265
 0.1750	 	 	 	 	-0.004637
 0.2000	 0.000886	 0.010769	 0.004790	 0.051280	-0.005959
 0.2250	 	 	 	 	-0.010230
 0.2500	 0.001500	 0.013864	 0.007541	 0.060411	-0.014240
 0.2750	 	 	 	 	-0.024157
 0.3000	 0.002201	 0.014313	 0.010620	 0.064485	-0.033152
 0.3250	 	 	 	 	-0.042018
 0.3500	 0.002842	 0.011467	 0.013720	 0.061406	-0.049605
 0.3750	 	 	 	 	-0.056424
 0.4000	 0.003251	 0.004933	 0.016490	 0.051094	-0.061705
 0.4250	 	 	 	 	-0.065686
 0.4500	 0.003230	-0.005889	 0.018574	 0.033584	-0.068131
 0.4750	 	 	 	 	-0.069340
 0.5000	 0.002548	-0.021665	 0.019606	 0.008265	-0.069052
 0.5250	 	 	 	 	-0.067161
 0.5500	 0.000993	-0.040934	 0.019241	-0.023192	-0.064058
 0.5750	 	 	 	 	-0.058848
 0.6000	-0.001501	-0.059047	 0.017140	-0.062333	-0.053011
 0.6250	 	 	 	 	-0.044798
 0.6500	-0.004658	-0.066855	 0.012934	-0.108728	-0.037032
 0.6750	 	 	 	 	-0.027901
 0.7000	-0.007622	-0.050246	 0.006407	-0.156707	-0.020624
 0.7250	 	 	 	 	-0.013569
 0.7500	-0.008971	-0.002297	-0.002500	-0.205581	-0.009846
 0.7750	 	 	 	 	-0.009210
 0.8000	-0.007298	 0.070351	-0.013695	-0.249822	-0.012417
 0.8250	 	 	 	 	-0.021340
 0.8500	-0.001669	 0.155306	-0.026936	-0.288644	-0.032746
 0.8750	 	 	 	 	-0.048928
 0.9000	 0.007905	 0.227960	-0.041679	-0.311794	-0.063730
 0.9250	 	 	 	 	-0.083252
 0.9500	 0.020383	 0.272634	-0.057268	-0.323800	-0.094777
 0.9750	 	 	 	 	-0.147334
 1.0000	 0.036555	 0.351611	-0.073667	-0.340113	-0.167020


 -------- Mode No.   5  (freq = 0.47250E+01 Hz)

span_loc	flap disp	flap slope	lag disp	lag slope	twist

 0.0000	 0.000000	 0.000000	 0.000000	 0.000000	 0.000000
 0.0250	 	 	 	 	-0.000442
 0.0500	 0.000131	 0.005186	-0.000045	-0.001777	-0.000884
 0.0750	 	 	 	 	-0.001441
 0.1000	 0.000518	 0.010449	-0.000163	-0.003031	-0.001995
 0.1250	 	 	 	 	-0.003433
 0.1500	 0.001258	 0.019353	-0.000356	-0.004759	-0.004852
 0.1750	 	 	 	 	-0.006893
 0.2000	 0.002397	 0.026679	-0.000626	-0.006223	-0.008865
 0.2250	 	 	 	 	-0.015242
 0.2500	 0.003859	 0.032352	-0.000948	-0.006919	-0.021227
 0.2750	 	 	 	 	-0.035994
 0.3000	 0.005487	 0.033321	-0.001299	-0.007374	-0.049316
 0.3250	 	 	 	 	-0.062311
 0.3500	 0.007007	 0.028053	-0.001660	-0.007347	-0.073232
 0.3750	 	 	 	 	-0.082735
 0.4000	 0.008096	 0.015842	-0.002009	-0.006857	-0.089666
 0.4250	 	 	 	 	-0.094279
 0.4500	 0.008385	-0.004342	-0.002325	-0.005941	-0.096250
 0.4750	 	 	 	 	-0.095643
 0.5000	 0.007441	-0.033918	-0.002584	-0.004470	-0.092391
 0.5250	 	 	 	 	-0.085694
 0.5500	 0.004849	-0.070589	-0.002755	-0.002277	-0.076792
 0.5750	 	 	 	 	-0.062999
 0.6000	 0.000416	-0.107390	-0.002773	 0.001853	-0.048039
 0.6250	 	 	 	 	-0.027147
 0.6500	-0.005503	-0.129178	-0.002513	 0.009097	-0.007165
 0.6750	 	 	 	 	 0.017025
 0.7000	-0.011551	-0.110662	-0.001815	 0.019603	 0.037392
 0.7250	 	 	 	 	 0.059328
 0.7500	-0.015270	-0.035897	-0.000521	 0.033084	 0.074114
 0.7750	 	 	 	 	 0.084436
 0.8000	-0.014032	 0.086814	 0.001454	 0.046964	 0.085983
 0.8250	 	 	 	 	 0.077972
 0.8500	-0.005971	 0.235480	 0.004082	 0.059403	 0.063211
 0.8750	 	 	 	 	 0.039058
 0.9000	 0.009084	 0.365633	 0.007193	 0.066814	 0.015249
 0.9250	 	 	 	 	-0.017727
 0.9500	 0.029389	 0.447172	 0.010561	 0.070194	-0.037879
 0.9750	 	 	 	 	-0.133362
 1.0000	 0.056536	 0.593942	 0.014136	 0.074263	-0.169611


 -------- Mode No.   6  (freq = 0.80191E+01 Hz)

span_loc	flap disp	flap slope	lag disp	lag slope	twist

 0.0000	 0.000000	 0.000000	 0.000000	 0.000000	 0.000000
 0.0250	 	 	 	 	-0.000684
 0.0500	 0.000126	 0.004919	 0.000030	 0.001169	-0.001366
 0.0750	 	 	 	 	-0.002224
 0.1000	 0.000487	 0.009569	 0.000116	 0.002270	-0.003070
 0.1250	 	 	 	 	-0.005242
 0.1500	 0.001133	 0.016215	 0.000269	 0.003835	-0.007352
 0.1750	 	 	 	 	-0.010313
 0.2000	 0.002028	 0.019699	 0.000480	 0.004640	-0.013064
 0.2250	 	 	 	 	-0.021517
 0.2500	 0.002985	 0.018544	 0.000705	 0.004365	-0.028908
 0.2750	 	 	 	 	-0.045472
 0.3000	 0.003712	 0.010367	 0.000879	 0.002599	-0.058513
 0.3250	 	 	 	 	-0.068812
 0.3500	 0.003884	-0.003786	 0.000937	-0.000309	-0.074765
 0.3750	 	 	 	 	-0.076648
 0.4000	 0.003242	-0.022257	 0.000832	-0.003907	-0.074284
 0.4250	 	 	 	 	-0.067979
 0.4500	 0.001640	-0.042122	 0.000547	-0.007552	-0.058792
 0.4750	 	 	 	 	-0.045675
 0.5000	-0.000865	-0.058055	 0.000100	-0.010377	-0.031661
 0.5250	 	 	 	 	-0.015175
 0.5500	-0.003824	-0.059665	-0.000436	-0.011071	-0.000662
 0.5750	 	 	 	 	 0.014189
 0.6000	-0.006224	-0.035343	-0.000927	-0.008676	 0.023577
 0.6250	 	 	 	 	 0.028245
 0.6500	-0.006609	 0.020067	-0.001216	-0.003091	 0.024911
 0.6750	 	 	 	 	 0.010928
 0.7000	-0.003650	 0.094925	-0.001176	 0.004307	-0.010056
 0.7250	 	 	 	 	-0.045029
 0.7500	 0.002121	 0.128915	-0.000803	 0.010279	-0.080654
 0.7750	 	 	 	 	-0.123806
 0.8000	 0.007566	 0.081210	-0.000207	 0.013507	-0.156855
 0.8250	 	 	 	 	-0.186718
 0.8500	 0.008295	-0.055587	 0.000492	 0.014835	-0.198495
 0.8750	 	 	 	 	-0.193167
 0.9000	 0.000988	-0.231276	 0.001221	 0.015061	-0.174261
 0.9250	 	 	 	 	-0.134406
 0.9500	-0.014464	-0.373643	 0.001972	 0.015634	-0.103206
 0.9750	 	 	 	 	 0.085291
 1.0000	-0.043673	-0.678033	 0.002793	 0.017286	 0.162813


 -------- Mode No.   7  (freq = 0.98631E+01 Hz)

span_loc	flap disp	flap slope	lag disp	lag slope	twist

 0.0000	 0.000000	 0.000000	 0.000000	 0.000000	 0.000000
 0.0250	 	 	 	 	-0.000121
 0.0500	-0.000090	-0.003519	 0.000513	 0.019990	-0.000242
 0.0750	 	 	 	 	-0.000393
 0.1000	-0.000324	-0.005879	 0.001867	 0.034427	-0.000540
 0.1250	 	 	 	 	-0.000913
 0.1500	-0.000684	-0.008613	 0.004010	 0.051310	-0.001266
 0.1750	 	 	 	 	-0.001739
 0.2000	-0.001145	-0.009930	 0.006726	 0.057752	-0.002152
 0.2250	 	 	 	 	-0.003336
 0.2500	-0.001630	-0.009671	 0.009438	 0.051388	-0.004337
 0.2750	 	 	 	 	-0.006624
 0.3000	-0.002048	-0.007076	 0.011464	 0.029904	-0.008638
 0.3250	 	 	 	 	-0.010712
 0.3500	-0.002281	-0.002217	 0.012160	-0.002296	-0.012773
 0.3750	 	 	 	 	-0.015182
 0.4000	-0.002227	 0.004577	 0.011120	-0.040104	-0.017910
 0.4250	 	 	 	 	-0.021261
 0.4500	-0.001799	 0.012868	 0.008209	-0.077786	-0.025133
 0.4750	 	 	 	 	-0.030297
 0.5000	-0.000941	 0.021785	 0.003567	-0.109903	-0.035868
 0.5250	 	 	 	 	-0.042765
 0.5500	 0.000305	 0.028069	-0.002318	-0.127872	-0.049355
 0.5750	 	 	 	 	-0.056931
 0.6000	 0.001678	 0.026435	-0.008604	-0.125724	-0.062713
 0.6250	 	 	 	 	-0.067452
 0.6500	 0.002620	 0.010536	-0.014078	-0.094539	-0.068529
 0.6750	 	 	 	 	-0.064918
 0.7000	 0.002338	-0.021659	-0.017227	-0.031786	-0.056803
 0.7250	 	 	 	 	-0.040594
 0.7500	 0.000505	-0.049158	-0.016426	 0.064696	-0.021822
 0.7750	 	 	 	 	 0.003787
 0.8000	-0.002011	-0.047676	-0.010333	 0.180884	 0.026265
 0.8250	 	 	 	 	 0.051208
 0.8500	-0.003403	-0.005213	 0.001764	 0.305264	 0.066894
 0.8750	 	 	 	 	 0.075336
 0.9000	-0.001877	 0.064632	 0.019066	 0.391700	 0.073993
 0.9250	 	 	 	 	 0.062241
 0.9500	 0.003139	 0.129436	 0.039704	 0.441488	 0.049866
 0.9750	 	 	 	 	-0.041292
 1.0000	 0.014919	 0.281475	 0.063904	 0.514442	-0.080847


 -------- Mode No.   8  (freq = 0.11905E+02 Hz)

span_loc	flap disp	flap slope	lag disp	lag slope	twist

 0.0000	 0.000000	 0.000000	 0.000000	 0.000000	 0.000000
 0.0250	 	 	 	 	 0.000576
 0.0500	-0.000099	-0.003842	-0.000010	-0.000385	 0.001149
 0.0750	 	 	 	 	 0.001864
 0.1000	-0.000374	-0.007122	-0.000040	-0.000799	 0.002560
 0.1250	 	 	 	 	 0.004308
 0.1500	-0.000828	-0.010882	-0.000093	-0.001304	 0.005953
 0.1750	 	 	 	 	 0.008143
 0.2000	-0.001387	-0.011369	-0.000160	-0.001337	 0.010009
 0.2250	 	 	 	 	 0.015024
 0.2500	-0.001854	-0.007133	-0.000211	-0.000656	 0.018530
 0.2750	 	 	 	 	 0.023604
 0.3000	-0.001986	 0.002060	-0.000211	 0.000661	 0.024347
 0.3250	 	 	 	 	 0.020488
 0.3500	-0.001610	 0.012979	-0.000143	 0.002061	 0.012492
 0.3750	 	 	 	 	 0.000128
 0.4000	-0.000729	 0.022086	-0.000014	 0.003026	-0.014586
 0.4250	 	 	 	 	-0.031203
 0.4500	 0.000457	 0.024869	 0.000138	 0.002996	-0.047353
 0.4750	 	 	 	 	-0.064372
 0.5000	 0.001498	 0.016034	 0.000252	 0.001488	-0.077974
 0.5250	 	 	 	 	-0.089240
 0.5500	 0.001731	-0.007116	 0.000254	-0.001408	-0.094954
 0.5750	 	 	 	 	-0.095578
 0.6000	 0.000570	-0.038186	 0.000098	-0.004650	-0.090783
 0.6250	 	 	 	 	-0.079678
 0.6500	-0.001886	-0.056413	-0.000181	-0.006208	-0.067733
 0.6750	 	 	 	 	-0.054963
 0.7000	-0.004225	-0.032081	-0.000449	-0.004261	-0.049130
 0.7250	 	 	 	 	-0.053462
 0.7500	-0.004248	 0.031350	-0.000544	 0.000393	-0.070121
 0.7750	 	 	 	 	-0.105762
 0.8000	-0.001232	 0.081788	-0.000401	 0.004998	-0.147506
 0.8250	 	 	 	 	-0.206459
 0.8500	 0.002523	 0.057001	-0.000075	 0.007797	-0.253781
 0.8750	 	 	 	 	-0.293004
 0.9000	 0.002559	-0.059073	 0.000326	 0.008450	-0.307190
 0.9250	 	 	 	 	-0.298430
 0.9500	-0.004423	-0.206441	 0.000749	 0.008848	-0.275979
 0.9750	 	 	 	 	-0.051769
 1.0000	-0.028829	-0.607037	 0.001229	 0.010226	 0.051985


 -------- Mode No.   9  (freq = 0.13738E+02 Hz)

span_loc	flap disp	flap slope	lag disp	lag slope	twist

 0.0000	 0.000000	 0.000000	 0.000000	 0.000000	 0.000000
 0.0250	 	 	 	 	-0.000100
 0.0500	-0.000002	-0.000068	-0.000001	-0.000027	-0.000199
 0.0750	 	 	 	 	-0.000323
 0.1000	-0.000007	-0.000155	-0.000003	-0.000053	-0.000446
 0.1250	 	 	 	 	-0.000761
 0.1500	-0.000019	-0.000349	-0.000006	-0.000095	-0.001074
 0.1750	 	 	 	 	-0.001528
 0.2000	-0.000042	-0.000590	-0.000012	-0.000133	-0.001979
 0.2250	 	 	 	 	-0.003502
 0.2500	-0.000081	-0.000975	-0.000020	-0.000182	-0.005023
 0.2750	 	 	 	 	-0.009066
 0.3000	-0.000141	-0.001517	-0.000030	-0.000232	-0.013031
 0.3250	 	 	 	 	-0.017302
 0.3500	-0.000231	-0.002146	-0.000042	-0.000276	-0.021385
 0.3750	 	 	 	 	-0.025650
 0.4000	-0.000352	-0.002768	-0.000057	-0.000298	-0.029742
 0.4250	 	 	 	 	-0.033964
 0.4500	-0.000499	-0.003204	-0.000071	-0.000274	-0.038181
 0.4750	 	 	 	 	-0.043268
 0.5000	-0.000658	-0.003225	-0.000082	-0.000175	-0.048537
 0.5250	 	 	 	 	-0.055174
 0.5500	-0.000804	-0.002722	-0.000087	-0.000009	-0.062084
 0.5750	 	 	 	 	-0.071460
 0.6000	-0.000919	-0.002062	-0.000082	 0.000180	-0.080991
 0.6250	 	 	 	 	-0.094054
 0.6500	-0.001019	-0.002265	-0.000070	 0.000297	-0.106786
 0.6750	 	 	 	 	-0.123062
 0.7000	-0.001179	-0.004518	-0.000056	 0.000258	-0.138200
 0.7250	 	 	 	 	-0.157462
 0.7500	-0.001480	-0.007578	-0.000046	 0.000145	-0.174662
 0.7750	 	 	 	 	-0.195182
 0.8000	-0.001886	-0.008352	-0.000041	 0.000078	-0.213079
 0.8250	 	 	 	 	-0.235659
 0.8500	-0.002210	-0.004349	-0.000037	 0.000100	-0.255012
 0.8750	 	 	 	 	-0.276232
 0.9000	-0.002228	 0.003378	-0.000030	 0.000159	-0.292655
 0.9250	 	 	 	 	-0.312089
 0.9500	-0.001846	 0.010937	-0.000022	 0.000180	-0.322958
 0.9750	 	 	 	 	-0.373082
 1.0000	-0.000595	 0.031228	-0.000013	 0.000176	-0.392360


 -------- Mode No.  10  (freq = 0.16002E+02 Hz)

span_loc	flap disp	flap slope	lag disp	lag slope	twist

 0.0000	 0.000000	 0.000000	 0.000000	 0.000000	 0.000000
 0.0250	 	 	 	 	 0.000885
 0.0500	-0.000107	-0.004084	-0.000031	-0.001187	 0.001761
 0.0750	 	 	 	 	 0.002846
 0.1000	-0.000392	-0.007224	-0.000113	-0.002062	 0.003885
 0.1250	 	 	 	 	 0.006441
 0.1500	-0.000824	-0.009738	-0.000235	-0.002743	 0.008781
 0.1750	 	 	 	 	 0.011757
 0.2000	-0.001273	-0.008009	-0.000362	-0.002254	 0.014106
 0.2250	 	 	 	 	 0.019663
 0.2500	-0.001495	-0.000607	-0.000428	-0.000373	 0.022619
 0.2750	 	 	 	 	 0.023629
 0.3000	-0.001252	 0.010300	-0.000378	 0.002359	 0.018473
 0.3250	 	 	 	 	 0.007068
 0.3500	-0.000517	 0.018695	-0.000204	 0.004555	-0.008020
 0.3750	 	 	 	 	-0.026101
 0.4000	 0.000458	 0.019569	 0.000043	 0.005212	-0.043059
 0.4250	 	 	 	 	-0.057449
 0.4500	 0.001197	 0.009279	 0.000269	 0.003748	-0.066504
 0.4750	 	 	 	 	-0.069827
 0.5000	 0.001130	-0.011918	 0.000369	 0.000330	-0.065875
 0.5250	 	 	 	 	-0.053658
 0.5500	-0.000046	-0.033234	 0.000285	-0.003451	-0.036764
 0.5750	 	 	 	 	-0.012781
 0.6000	-0.001815	-0.033808	 0.000055	-0.005400	 0.008114
 0.6250	 	 	 	 	 0.027464
 0.6500	-0.002661	 0.002385	-0.000188	-0.004153	 0.034577
 0.6750	 	 	 	 	 0.027660
 0.7000	-0.001032	 0.057866	-0.000303	-0.000810	 0.008802
 0.7250	 	 	 	 	-0.024718
 0.7500	 0.002126	 0.057682	-0.000287	 0.001030	-0.053643
 0.7750	 	 	 	 	-0.074538
 0.8000	 0.003201	-0.018691	-0.000226	 0.001393	-0.071450
 0.8250	 	 	 	 	-0.036064
 0.8500	 0.000046	-0.094663	-0.000122	 0.003186	 0.015336
 0.8750	 	 	 	 	 0.082733
 0.9000	-0.004056	-0.050618	 0.000122	 0.006738	 0.128091
 0.9250	 	 	 	 	 0.152963
 0.9500	-0.002067	 0.124006	 0.000545	 0.009864	 0.134520
 0.9750	 	 	 	 	-0.241848
 1.0000	 0.027122	 0.777094	 0.001190	 0.014293	-0.435096


 -------- Mode No.  11  (freq = 0.17745E+02 Hz)

span_loc	flap disp	flap slope	lag disp	lag slope	twist

 0.0000	 0.000000	 0.000000	 0.000000	 0.000000	 0.000000
 0.0250	 	 	 	 	-0.000075
 0.0500	-0.000132	-0.005054	 0.000604	 0.023045	-0.000150
 0.0750	 	 	 	 	-0.000241
 0.1000	-0.000460	-0.007998	 0.002100	 0.036528	-0.000326
 0.1250	 	 	 	 	-0.000538
 0.1500	-0.000912	-0.009924	 0.004153	 0.044621	-0.000727
 0.1750	 	 	 	 	-0.000962
 0.2000	-0.001370	-0.008262	 0.006166	 0.035095	-0.001153
 0.2250	 	 	 	 	-0.001758
 0.2500	-0.001662	-0.003247	 0.007313	 0.010342	-0.002516
 0.2750	 	 	 	 	-0.005336
 0.3000	-0.001612	 0.005387	 0.006875	-0.028308	-0.009107
 0.3250	 	 	 	 	-0.014371
 0.3500	-0.001130	 0.013896	 0.004554	-0.064795	-0.020423
 0.3750	 	 	 	 	-0.027419
 0.4000	-0.000304	 0.018979	 0.000756	-0.087266	-0.034073
 0.4250	 	 	 	 	-0.039985
 0.4500	 0.000619	 0.017584	-0.003601	-0.086962	-0.043954
 0.4750	 	 	 	 	-0.045581
 0.5000	 0.001253	 0.007454	-0.007259	-0.059019	-0.043649
 0.5250	 	 	 	 	-0.036904
 0.5500	 0.001199	-0.009306	-0.008926	-0.007482	-0.026399
 0.5750	 	 	 	 	-0.009230
 0.6000	 0.000334	-0.023640	-0.007583	 0.060883	 0.008783
 0.6250	 	 	 	 	 0.031158
 0.6500	-0.000837	-0.020670	-0.002867	 0.126018	 0.047819
 0.6750	 	 	 	 	 0.059769
 0.7000	-0.001186	 0.007182	 0.004194	 0.153260	 0.060909
 0.7250	 	 	 	 	 0.049927
 0.7500	-0.000165	 0.029247	 0.010987	 0.114022	 0.032118
 0.7750	 	 	 	 	 0.007242
 0.8000	 0.001038	 0.013921	 0.013882	-0.001222	-0.010719
 0.8250	 	 	 	 	-0.021817
 0.8500	 0.000678	-0.026049	 0.009317	-0.180440	-0.019474
 0.8750	 	 	 	 	-0.005660
 0.9000	-0.001036	-0.033422	-0.003721	-0.337075	 0.008066
 0.9250	 	 	 	 	 0.018385
 0.9500	-0.001362	 0.021524	-0.023384	-0.444564	 0.012240
 0.9750	 	 	 	 	-0.141351
 1.0000	 0.008568	 0.273466	-0.051566	-0.623822	-0.222315


 -------- Mode No.  12  (freq = 0.20510E+02 Hz)

span_loc	flap disp	flap slope	lag disp	lag slope	twist

 0.0000	 0.000000	 0.000000	 0.000000	 0.000000	 0.000000
 0.0250	 	 	 	 	 0.001059
 0.0500	-0.000112	-0.004219	-0.000017	-0.000636	 0.002102
 0.0750	 	 	 	 	 0.003376
 0.1000	-0.000398	-0.007070	-0.000061	-0.001109	 0.004567
 0.1250	 	 	 	 	 0.007403
 0.1500	-0.000791	-0.008244	-0.000123	-0.001295	 0.009875
 0.1750	 	 	 	 	 0.012762
 0.2000	-0.001123	-0.004738	-0.000174	-0.000660	 0.014682
 0.2250	 	 	 	 	 0.017663
 0.2500	-0.001144	 0.003962	-0.000168	 0.000878	 0.017127
 0.2750	 	 	 	 	 0.007306
 0.3000	-0.000710	 0.012877	-0.000087	 0.002265	-0.008479
 0.3250	 	 	 	 	-0.029499
 0.3500	 0.000003	 0.014662	 0.000032	 0.002338	-0.050053
 0.3750	 	 	 	 	-0.068226
 0.4000	 0.000544	 0.006169	 0.000113	 0.000793	-0.079071
 0.4250	 	 	 	 	-0.081390
 0.4500	 0.000442	-0.010100	 0.000089	-0.001723	-0.075001
 0.4750	 	 	 	 	-0.059249
 0.5000	-0.000454	-0.023881	-0.000051	-0.003609	-0.039202
 0.5250	 	 	 	 	-0.014926
 0.5500	-0.001576	-0.017954	-0.000222	-0.002874	 0.004143
 0.5750	 	 	 	 	 0.017549
 0.6000	-0.001690	 0.014218	-0.000276	 0.000725	 0.017615
 0.6250	 	 	 	 	 0.002163
 0.6500	-0.000066	 0.045298	-0.000138	 0.004322	-0.021142
 0.6750	 	 	 	 	-0.051151
 0.7000	 0.001845	 0.022122	 0.000084	 0.003994	-0.068499
 0.7250	 	 	 	 	-0.066592
 0.7500	 0.001229	-0.043863	 0.000197	 0.000669	-0.040491
 0.7750	 	 	 	 	 0.013835
 0.8000	-0.001560	-0.052466	 0.000165	-0.001451	 0.065373
 0.8250	 	 	 	 	 0.112011
 0.8500	-0.002016	 0.039387	 0.000082	-0.001833	 0.120274
 0.8750	 	 	 	 	 0.088198
 0.9000	 0.002166	 0.106440	-0.000027	-0.002893	 0.041705
 0.9250	 	 	 	 	-0.013143
 0.9500	 0.005297	 0.004952	-0.000228	-0.005011	-0.013395
 0.9750	 	 	 	 	 0.372340
 1.0000	-0.016727	-0.631369	-0.000613	-0.008790	 0.592772


 -------- Mode No.  13  (freq = 0.22209E+02 Hz)

span_loc	flap disp	flap slope	lag disp	lag slope	twist

 0.0000	 0.000000	 0.000000	 0.000000	 0.000000	 0.000000
 0.0250	 	 	 	 	 0.000054
 0.0500	-0.000098	-0.003802	 0.000504	 0.019545	 0.000142
 0.0750	 	 	 	 	 0.000216
 0.1000	-0.000309	-0.004706	 0.001636	 0.025855	 0.000274
 0.1250	 	 	 	 	 0.000533
 0.1500	-0.000444	-0.000546	 0.002563	 0.010721	 0.000776
 0.1750	 	 	 	 	 0.001238
 0.2000	-0.000304	 0.006242	 0.002399	-0.018250	 0.001917
 0.2250	 	 	 	 	 0.004568
 0.2500	 0.000079	 0.009379	 0.001026	-0.038088	 0.007667
 0.2750	 	 	 	 	 0.016757
 0.3000	 0.000525	 0.009110	-0.000937	-0.042059	 0.026306
 0.3250	 	 	 	 	 0.036965
 0.3500	 0.000888	 0.005790	-0.002570	-0.025246	 0.046839
 0.3750	 	 	 	 	 0.055797
 0.4000	 0.001044	 0.001142	-0.002982	 0.006402	 0.063356
 0.4250	 	 	 	 	 0.070108
 0.4500	 0.000963	-0.003810	-0.001713	 0.041528	 0.075627
 0.4750	 	 	 	 	 0.080473
 0.5000	 0.000635	-0.008673	 0.001076	 0.066497	 0.082694
 0.5250	 	 	 	 	 0.083126
 0.5500	 0.000186	-0.008590	 0.004513	 0.067218	 0.081724
 0.5750	 	 	 	 	 0.077250
 0.6000	-0.000102	-0.002327	 0.007188	 0.035915	 0.070747
 0.6250	 	 	 	 	 0.059389
 0.6500	 0.000035	 0.007450	 0.007490	-0.026548	 0.046707
 0.6750	 	 	 	 	 0.029822
 0.7000	 0.000519	 0.010355	 0.004455	-0.094936	 0.015794
 0.7250	 	 	 	 	 0.003258
 0.7500	 0.000793	-0.000177	-0.001374	-0.135238	-0.001396
 0.7750	 	 	 	 	 0.002061
 0.8000	 0.000481	-0.009880	-0.007615	-0.109983	 0.011504
 0.8250	 	 	 	 	 0.026858
 0.8500	 0.000139	-0.001361	-0.010428	 0.000598	 0.038316
 0.8750	 	 	 	 	 0.045883
 0.9000	 0.000493	 0.013175	-0.006687	 0.144694	 0.047541
 0.9250	 	 	 	 	 0.047319
 0.9500	 0.001026	 0.005350	 0.004104	 0.273963	 0.050413
 0.9750	 	 	 	 	 0.120369
 1.0000	-0.001477	-0.073913	 0.025624	 0.511967	 0.157361


 -------- Mode No.  14  (freq = 0.25625E+02 Hz)

span_loc	flap disp	flap slope	lag disp	lag slope	twist

 0.0000	 0.000000	 0.000000	 0.000000	 0.000000	 0.000000
 0.0250	 	 	 	 	-0.001871
 0.0500	 0.000163	 0.006085	 0.000047	 0.001772	-0.003700
 0.0750	 	 	 	 	-0.005893
 0.1000	 0.000564	 0.009627	 0.000163	 0.002757	-0.007873
 0.1250	 	 	 	 	-0.012364
 0.1500	 0.001054	 0.009261	 0.000302	 0.002628	-0.016003
 0.1750	 	 	 	 	-0.019664
 0.2000	 0.001347	 0.002087	 0.000386	 0.000587	-0.021262
 0.2250	 	 	 	 	-0.019652
 0.2500	 0.001129	-0.010381	 0.000329	-0.002737	-0.011852
 0.2750	 	 	 	 	 0.021142
 0.3000	 0.000411	-0.016661	 0.000132	-0.004793	 0.058365
 0.3250	 	 	 	 	 0.095625
 0.3500	-0.000242	-0.007793	-0.000084	-0.003567	 0.120643
 0.3750	 	 	 	 	 0.129592
 0.4000	-0.000137	 0.011976	-0.000169	 0.000188	 0.119665
 0.4250	 	 	 	 	 0.093473
 0.4500	 0.000884	 0.026263	-0.000063	 0.003679	 0.059721
 0.4750	 	 	 	 	 0.020888
 0.5000	 0.001995	 0.014385	 0.000138	 0.003846	-0.007093
 0.5250	 	 	 	 	-0.020672
 0.5500	 0.001717	-0.025388	 0.000240	 0.000269	-0.013132
 0.5750	 	 	 	 	 0.017638
 0.6000	-0.000380	-0.050583	 0.000158	-0.002884	 0.054682
 0.6250	 	 	 	 	 0.093436
 0.6500	-0.002011	-0.007094	 0.000034	-0.001630	 0.104095
 0.6750	 	 	 	 	 0.075220
 0.7000	-0.000217	 0.066726	 0.000042	 0.001140	 0.017424
 0.7250	 	 	 	 	-0.069963
 0.7500	 0.002450	 0.019922	 0.000047	-0.001640	-0.126644
 0.7750	 	 	 	 	-0.137001
 0.8000	 0.000312	-0.093213	-0.000137	-0.004923	-0.092364
 0.8250	 	 	 	 	 0.000659
 0.8500	-0.003919	-0.042907	-0.000297	-0.000522	 0.058901
 0.8750	 	 	 	 	 0.048108
 0.9000	-0.001009	 0.142270	-0.000118	 0.007030	-0.031699
 0.9250	 	 	 	 	-0.184911
 0.9500	 0.006416	 0.107904	 0.000352	 0.011138	-0.241528
 0.9750	 	 	 	 	 0.136993
 1.0000	-0.016439	-0.708374	 0.001126	 0.017645	 0.419436


 -------- Mode No.  15  (freq = 0.27904E+02 Hz)

span_loc	flap disp	flap slope	lag disp	lag slope	twist

 0.0000	 0.000000	 0.000000	 0.000000	 0.000000	 0.000000
 0.0250	 	 	 	 	-0.000184
 0.0500	-0.000155	-0.005791	 0.000641	 0.023819	-0.000364
 0.0750	 	 	 	 	-0.000581
 0.1000	-0.000515	-0.008400	 0.002109	 0.034046	-0.000785
 0.1250	 	 	 	 	-0.001292
 0.1500	-0.000935	-0.007976	 0.003769	 0.030491	-0.001780
 0.1750	 	 	 	 	-0.002481
 0.2000	-0.001211	-0.002779	 0.004722	 0.006348	-0.003201
 0.2250	 	 	 	 	-0.006006
 0.2500	-0.001156	 0.005050	 0.004204	-0.027280	-0.009441
 0.2750	 	 	 	 	-0.020232
 0.3000	-0.000707	 0.012385	 0.001993	-0.060030	-0.031365
 0.3250	 	 	 	 	-0.042288
 0.3500	-0.000054	 0.013012	-0.001287	-0.069299	-0.049807
 0.3750	 	 	 	 	-0.052930
 0.4000	 0.000430	 0.005961	-0.004255	-0.047543	-0.050510
 0.4250	 	 	 	 	-0.042835
 0.4500	 0.000450	-0.004839	-0.005470	-0.000136	-0.031848
 0.4750	 	 	 	 	-0.017388
 0.5000	 0.000001	-0.011989	-0.004031	 0.056772	-0.004430
 0.5250	 	 	 	 	 0.006542
 0.5500	-0.000535	-0.008455	-0.000191	 0.093986	 0.010950
 0.5750	 	 	 	 	 0.007847
 0.6000	-0.000673	 0.002143	 0.004461	 0.087717	-0.002007
 0.6250	 	 	 	 	-0.019842
 0.6500	-0.000425	 0.005537	 0.007312	 0.022940	-0.036047
 0.6750	 	 	 	 	-0.050168
 0.7000	-0.000393	-0.003980	 0.005984	-0.074536	-0.054923
 0.7250	 	 	 	 	-0.051183
 0.7500	-0.000613	-0.001320	 0.000167	-0.149735	-0.043363
 0.7750	 	 	 	 	-0.034504
 0.8000	-0.000206	 0.017085	-0.007149	-0.131136	-0.029911
 0.8250	 	 	 	 	-0.025331
 0.8500	 0.000700	 0.013255	-0.010172	 0.018547	-0.014652
 0.8750	 	 	 	 	 0.013781
 0.9000	 0.000515	-0.018804	-0.004067	 0.220827	 0.051903
 0.9250	 	 	 	 	 0.112114
 0.9500	-0.000586	-0.015750	 0.011956	 0.401795	 0.142066
 0.9750	 	 	 	 	 0.166876
 1.0000	 0.003605	 0.128961	 0.044372	 0.757853	 0.147419


 -------- Mode No.  16  (freq = 0.30804E+02 Hz)

span_loc	flap disp	flap slope	lag disp	lag slope	twist

 0.0000	 0.000000	 0.000000	 0.000000	 0.000000	 0.000000
 0.0250	 	 	 	 	 0.000171
 0.0500	-0.000033	-0.001220	-0.000008	-0.000302	 0.000335
 0.0750	 	 	 	 	 0.000523
 0.1000	-0.000112	-0.001886	-0.000028	-0.000461	 0.000671
 0.1250	 	 	 	 	 0.000919
 0.1500	-0.000206	-0.001749	-0.000050	-0.000406	 0.000984
 0.1750	 	 	 	 	 0.000716
 0.2000	-0.000263	-0.000518	-0.000062	-0.000065	 0.000014
 0.2250	 	 	 	 	-0.003787
 0.2500	-0.000248	 0.000873	-0.000054	 0.000324	-0.008626
 0.2750	 	 	 	 	-0.022713
 0.3000	-0.000218	-0.000169	-0.000038	 0.000237	-0.035282
 0.3250	 	 	 	 	-0.045096
 0.3500	-0.000313	-0.003827	-0.000041	-0.000363	-0.049504
 0.3750	 	 	 	 	-0.048951
 0.4000	-0.000585	-0.006671	-0.000073	-0.000867	-0.045217
 0.4250	 	 	 	 	-0.040990
 0.4500	-0.000882	-0.004587	-0.000113	-0.000624	-0.039542
 0.4750	 	 	 	 	-0.043158
 0.5000	-0.000936	 0.002194	-0.000120	 0.000303	-0.052290
 0.5250	 	 	 	 	-0.067979
 0.5500	-0.000716	 0.004912	-0.000087	 0.000839	-0.084480
 0.5750	 	 	 	 	-0.102200
 0.6000	-0.000685	-0.004815	-0.000059	 0.000208	-0.112316
 0.6250	 	 	 	 	-0.115400
 0.6500	-0.001243	-0.014904	-0.000072	-0.000504	-0.111969
 0.6750	 	 	 	 	-0.106468
 0.7000	-0.001685	 0.000643	-0.000081	 0.000295	-0.106773
 0.7250	 	 	 	 	-0.117094
 0.7500	-0.001040	 0.020890	-0.000040	 0.001118	-0.129766
 0.7750	 	 	 	 	-0.135763
 0.8000	-0.000262	 0.006435	-0.000001	 0.000354	-0.119596
 0.8250	 	 	 	 	-0.065381
 0.8500	-0.000400	-0.003938	-0.000006	-0.000316	 0.000322
 0.8750	 	 	 	 	 0.076125
 0.9000	 0.000321	 0.035827	-0.000011	 0.000150	 0.123894
 0.9250	 	 	 	 	 0.164629
 0.9500	 0.002805	 0.051142	 0.000004	 0.000347	 0.194098
 0.9750	 	 	 	 	 0.522441
 1.0000	 0.000898	-0.079259	 0.000020	 0.000323	 0.678592


 -------- Mode No.  17  (freq = 0.32462E+02 Hz)

span_loc	flap disp	flap slope	lag disp	lag slope	twist

 0.0000	 0.000000	 0.000000	 0.000000	 0.000000	 0.000000
 0.0250	 	 	 	 	-0.000669
 0.0500	 0.000027	 0.000994	 0.000005	 0.000167	-0.001315
 0.0750	 	 	 	 	-0.002073
 0.1000	 0.000088	 0.001357	 0.000015	 0.000230	-0.002736
 0.1250	 	 	 	 	-0.004192
 0.1500	 0.000140	 0.000552	 0.000023	 0.000070	-0.005348
 0.1750	 	 	 	 	-0.006515
 0.2000	 0.000120	-0.001407	 0.000018	-0.000295	-0.007098
 0.2250	 	 	 	 	-0.007373
 0.2500	-0.000012	-0.003728	-0.000008	-0.000697	-0.006484
 0.2750	 	 	 	 	-0.002746
 0.3000	-0.000210	-0.003847	-0.000043	-0.000628	 0.000039
 0.3250	 	 	 	 	 0.000054
 0.3500	-0.000342	-0.001344	-0.000061	-0.000088	-0.004036
 0.3750	 	 	 	 	-0.012739
 0.4000	-0.000340	 0.000938	-0.000052	 0.000386	-0.023967
 0.4250	 	 	 	 	-0.036232
 0.4500	-0.000313	-0.000555	-0.000033	 0.000246	-0.046664
 0.4750	 	 	 	 	-0.055221
 0.5000	-0.000475	-0.006023	-0.000039	-0.000463	-0.059812
 0.5250	 	 	 	 	-0.061871
 0.5500	-0.000873	-0.008870	-0.000075	-0.000866	-0.063177
 0.5750	 	 	 	 	-0.067471
 0.6000	-0.001172	-0.002404	-0.000106	-0.000271	-0.076486
 0.6250	 	 	 	 	-0.094782
 0.6500	-0.001058	 0.004940	-0.000095	 0.000554	-0.114468
 0.6750	 	 	 	 	-0.135505
 0.7000	-0.000965	-0.003200	-0.000068	 0.000437	-0.145231
 0.7250	 	 	 	 	-0.141488
 0.7500	-0.001327	-0.007336	-0.000051	 0.000384	-0.126384
 0.7750	 	 	 	 	-0.101934
 0.8000	-0.001153	 0.016488	-0.000016	 0.001023	-0.081935
 0.8250	 	 	 	 	-0.059149
 0.8500	 0.000167	 0.029677	 0.000032	 0.000687	-0.032965
 0.8750	 	 	 	 	 0.017538
 0.9000	 0.000984	 0.002650	 0.000029	-0.000733	 0.082107
 0.9250	 	 	 	 	 0.190393
 0.9500	 0.000800	 0.000584	-0.000038	-0.001765	 0.259217
 0.9750	 	 	 	 	 0.557493
 1.0000	 0.005414	 0.136892	-0.000188	-0.003567	 0.640261


 -------- Mode No.  18  (freq = 0.38030E+02 Hz)

span_loc	flap disp	flap slope	lag disp	lag slope	twist

 0.0000	 0.000000	 0.000000	 0.000000	 0.000000	 0.000000
 0.0250	 	 	 	 	 0.003364
 0.0500	-0.000201	-0.007267	-0.000061	-0.002207	 0.006567
 0.0750	 	 	 	 	 0.010183
 0.1000	-0.000643	-0.009776	-0.000194	-0.002929	 0.013088
 0.1250	 	 	 	 	 0.018556
 0.1500	-0.001015	-0.004181	-0.000306	-0.001298	 0.021718
 0.1750	 	 	 	 	 0.022316
 0.2000	-0.000933	 0.007279	-0.000285	 0.002127	 0.018718
 0.2250	 	 	 	 	-0.004651
 0.2500	-0.000327	 0.014637	-0.000105	 0.004554	-0.032826
 0.2750	 	 	 	 	-0.101965
 0.3000	 0.000135	 0.001177	 0.000080	 0.002248	-0.142209
 0.3250	 	 	 	 	-0.141187
 0.3500	-0.000374	-0.019839	 0.000068	-0.002460	-0.099737
 0.3750	 	 	 	 	-0.032226
 0.4000	-0.001404	-0.016445	-0.000105	-0.003672	 0.026748
 0.4250	 	 	 	 	 0.055917
 0.4500	-0.001398	 0.017444	-0.000198	 0.000117	 0.043406
 0.4750	 	 	 	 	-0.010558
 0.5000	 0.000147	 0.036023	-0.000094	 0.003134	-0.076072
 0.5250	 	 	 	 	-0.133903
 0.5500	 0.000936	-0.010389	-0.000006	-0.000122	-0.145689
 0.5750	 	 	 	 	-0.099208
 0.6000	-0.001095	-0.056405	-0.000117	-0.003009	-0.024111
 0.6250	 	 	 	 	 0.057304
 0.6500	-0.002400	 0.016964	-0.000138	 0.002820	 0.070270
 0.6750	 	 	 	 	-0.005395
 0.7000	 0.000832	 0.078653	 0.000139	 0.005949	-0.108544
 0.7250	 	 	 	 	-0.184742
 0.7500	 0.001463	-0.061031	 0.000212	-0.003260	-0.138748
 0.7750	 	 	 	 	 0.035099
 0.8000	-0.002564	-0.047896	-0.000067	-0.005647	 0.174642
 0.8250	 	 	 	 	 0.192445
 0.8500	 0.000404	 0.134410	-0.000181	 0.000526	 0.057865
 0.8750	 	 	 	 	-0.135571
 0.9000	 0.003539	-0.061560	-0.000100	 0.002232	-0.159289
 0.9250	 	 	 	 	 0.067327
 0.9500	-0.006032	-0.220921	 0.000091	 0.005721	 0.242389
 0.9750	 	 	 	 	 0.238674
 1.0000	 0.012982	 0.687202	 0.000830	 0.018496	-0.049481


 -------- Mode No.  19  (freq = 0.39549E+02 Hz)

span_loc	flap disp	flap slope	lag disp	lag slope	twist

 0.0000	 0.000000	 0.000000	 0.000000	 0.000000	 0.000000
 0.0250	 	 	 	 	 0.000695
 0.0500	 0.000135	 0.004902	-0.000539	-0.019480	 0.001355
 0.0750	 	 	 	 	 0.002114
 0.1000	 0.000425	 0.006419	-0.001668	-0.024519	 0.002767
 0.1250	 	 	 	 	 0.004233
 0.1500	 0.000699	 0.004168	-0.002636	-0.012360	 0.005503
 0.1750	 	 	 	 	 0.007097
 0.2000	 0.000766	-0.001640	-0.002592	 0.014738	 0.008479
 0.2250	 	 	 	 	 0.013007
 0.2500	 0.000536	-0.007236	-0.001216	 0.039230	 0.017633
 0.2750	 	 	 	 	 0.029383
 0.3000	 0.000128	-0.008215	 0.000986	 0.046108	 0.037964
 0.3250	 	 	 	 	 0.041401
 0.3500	-0.000150	-0.002485	 0.002794	 0.023788	 0.038092
 0.3750	 	 	 	 	 0.028892
 0.4000	-0.000086	 0.004538	 0.002973	-0.017025	 0.017872
 0.4250	 	 	 	 	 0.008319
 0.4500	 0.000213	 0.006674	 0.001184	-0.052220	 0.003841
 0.4750	 	 	 	 	 0.005486
 0.5000	 0.000470	 0.003671	-0.001645	-0.056648	 0.012653
 0.5250	 	 	 	 	 0.024521
 0.5500	 0.000584	 0.001574	-0.003636	-0.019836	 0.035505
 0.5750	 	 	 	 	 0.045233
 0.6000	 0.000666	 0.001321	-0.003033	 0.042843	 0.049597
 0.6250	 	 	 	 	 0.050850
 0.6500	 0.000599	-0.004999	 0.000363	 0.085980	 0.051128
 0.6750	 	 	 	 	 0.052281
 0.7000	 0.000136	-0.011211	 0.004228	 0.060267	 0.051757
 0.7250	 	 	 	 	 0.042699
 0.7500	-0.000179	-0.000344	 0.004916	-0.034817	 0.022801
 0.7750	 	 	 	 	-0.012820
 0.8000	-0.000028	 0.002315	 0.000682	-0.123724	-0.042799
 0.8250	 	 	 	 	-0.064018
 0.8500	-0.000252	-0.009773	-0.005379	-0.098360	-0.061968
 0.8750	 	 	 	 	-0.042592
 0.9000	-0.000475	 0.005108	-0.006329	 0.067018	-0.025413
 0.9250	 	 	 	 	-0.009818
 0.9500	 0.000412	 0.023886	 0.003153	 0.291168	 0.004345
 0.9750	 	 	 	 	 0.194666
 1.0000	 0.001162	 0.010767	 0.036872	 0.838030	 0.277602


 -------- Mode No.  20  (freq = 0.43558E+02 Hz)

span_loc	flap disp	flap slope	lag disp	lag slope	twist

 0.0000	 0.000000	 0.000000	 0.000000	 0.000000	 0.000000
 0.0250	 	 	 	 	 0.000721
 0.0500	 0.000001	 0.000067	 0.000003	 0.000119	 0.001400
 0.0750	 	 	 	 	 0.002160
 0.1000	 0.000009	 0.000273	 0.000011	 0.000185	 0.002782
 0.1250	 	 	 	 	 0.004075
 0.1500	 0.000037	 0.000876	 0.000022	 0.000235	 0.005094
 0.1750	 	 	 	 	 0.006195
 0.2000	 0.000096	 0.001506	 0.000033	 0.000203	 0.006957
 0.2250	 	 	 	 	 0.008854
 0.2500	 0.000183	 0.001936	 0.000041	 0.000136	 0.010528
 0.2750	 	 	 	 	 0.014997
 0.3000	 0.000280	 0.002002	 0.000046	 0.000071	 0.019450
 0.3250	 	 	 	 	 0.023982
 0.3500	 0.000375	 0.001897	 0.000050	 0.000106	 0.027779
 0.3750	 	 	 	 	 0.031247
 0.4000	 0.000462	 0.001620	 0.000057	 0.000189	 0.034332
 0.4250	 	 	 	 	 0.037719
 0.4500	 0.000531	 0.001267	 0.000067	 0.000213	 0.041684
 0.4750	 	 	 	 	 0.046987
 0.5000	 0.000595	 0.001517	 0.000076	 0.000162	 0.052551
 0.5250	 	 	 	 	 0.058862
 0.5500	 0.000697	 0.002659	 0.000082	 0.000051	 0.064300
 0.5750	 	 	 	 	 0.070271
 0.6000	 0.000839	 0.002714	 0.000078	-0.000231	 0.075333
 0.6250	 	 	 	 	 0.081499
 0.6500	 0.000905	-0.000168	 0.000057	-0.000585	 0.086420
 0.6750	 	 	 	 	 0.089763
 0.7000	 0.000797	-0.003815	 0.000026	-0.000601	 0.087667
 0.7250	 	 	 	 	 0.075575
 0.7500	 0.000517	-0.007968	 0.000005	-0.000265	 0.055771
 0.7750	 	 	 	 	 0.023039
 0.8000	-0.000051	-0.014801	-0.000001	-0.000023	-0.009695
 0.8250	 	 	 	 	-0.052759
 0.8500	-0.000781	-0.012402	 0.000001	 0.000085	-0.087256
 0.8750	 	 	 	 	-0.118447
 0.9000	-0.000963	 0.005004	 0.000003	-0.000040	-0.129459
 0.9250	 	 	 	 	-0.110867
 0.9500	-0.000185	 0.024541	-0.000009	-0.000434	-0.059733
 0.9750	 	 	 	 	 0.539397
 1.0000	 0.005561	 0.167715	-0.000066	-0.001438	 0.743400
=================================================================================
